<?xml version="1.0" encoding="UTF-8" ?>
<testsuite tests="70" failures="0" name="runner.RunnerTest" time="0.131" errors="0" skipped="0">
  <properties>
    <property name="java.runtime.name" value="Java(TM) SE Runtime Environment"/>
    <property name="sun.boot.library.path" value="C:\Program Files\Java8\bin"/>
    <property name="java.vm.version" value="25.131-b11"/>
    <property name="java.vm.vendor" value="Oracle Corporation"/>
    <property name="maven.multiModuleProjectDirectory" value="C:\Users\x173479\Desktop\My stuff\Selenium\Final\Code\CucumberAuto"/>
    <property name="java.vendor.url" value="http://java.oracle.com/"/>
    <property name="path.separator" value=";"/>
    <property name="guice.disable.misplaced.annotation.check" value="true"/>
    <property name="java.vm.name" value="Java HotSpot(TM) 64-Bit Server VM"/>
    <property name="file.encoding.pkg" value="sun.io"/>
    <property name="user.script" value=""/>
    <property name="user.country" value="CA"/>
    <property name="sun.java.launcher" value="SUN_STANDARD"/>
    <property name="sun.os.patch.level" value="Service Pack 1"/>
    <property name="java.vm.specification.name" value="Java Virtual Machine Specification"/>
    <property name="user.dir" value="C:\Users\x173479\Desktop\My stuff\Selenium\Final\Code\CucumberAuto"/>
    <property name="java.runtime.version" value="1.8.0_131-b11"/>
    <property name="java.awt.graphicsenv" value="sun.awt.Win32GraphicsEnvironment"/>
    <property name="java.endorsed.dirs" value="C:\Program Files\Java8\lib\endorsed"/>
    <property name="os.arch" value="amd64"/>
    <property name="java.io.tmpdir" value="C:\Users\x173479\AppData\Local\Temp\"/>
    <property name="line.separator" value="
"/>
    <property name="java.vm.specification.vendor" value="Oracle Corporation"/>
    <property name="user.variant" value=""/>
    <property name="os.name" value="Windows 7"/>
    <property name="classworlds.conf" value="C:\Users\x173479\Desktop\My stuff\Selenium\Final\Code\.metadata\.plugins\org.eclipse.m2e.launching\launches\m2conf2679748691199410020.tmp"/>
    <property name="sun.jnu.encoding" value="Cp1252"/>
    <property name="java.library.path" value="C:\Program Files\Java8\bin;C:\WINDOWS\Sun\Java\bin;C:\WINDOWS\system32;C:\WINDOWS;C:/Program Files/Java8/bin/server;C:/Program Files/Java8/bin;C:/Program Files/Java8/lib/amd64;C:\ProgramData\Oracle\Java\javapath;C:\Program Files (x86)\Intel\iCLS Client\;C:\Program Files\Intel\iCLS Client\;C:\Oracle\product\11.2.0\client_1\bin;C:\WINDOWS\system32;C:\WINDOWS;C:\WINDOWS\System32\Wbem;C:\Program Files\Intel\Intel(R) Management Engine Components\DAL;C:\Program Files\Intel\Intel(R) Management Engine Components\IPT;C:\Program Files (x86)\Intel\Intel(R) Management Engine Components\DAL;C:\Program Files (x86)\Intel\Intel(R) Management Engine Components\IPT;C:\WINDOWS\System32\WindowsPowerShell\v1.0\;C:\WINDOWS\System32\WindowsPowerShell\v1.0\;C:\Program Files (x86)\Borland\StarTeam SDK 10.0\Lib;C:\Program Files (x86)\Borland\StarTeam SDK 10.0\Bin;C:\Program Files (x86)\Borland\CaliberRM SDK 2008\lib;C:\Program Files\Java\jdk1.7.0_79\bin;C:\axis2-1.6.2-bin\axis2-1.6.2\bin;C:\Program Files (x86)\PuTTY\;C:\Python27\;C:\Python27\Scripts ;C:\Program Files (x86)\Common Files\Hitachi ID\;C:\Program Files\Common Files\Hitachi ID\;C:\WINDOWS\System32\WindowsPowerShell\v1.0\;C:\Program Files\Java\jdk1.8.0_144\bin;C:\Users\x173479\Desktop\Download\apache-tomcat-8.5.20-windows-x64\apache-tomcat-8.5.20\bin;C:\Users\x173479\Desktop\My stuff\Selenium\Final\apache-maven-3.5.3-bin\apache-maven-3.5.3\bin;C:\Program Files\MySQL\MySQL Utilities 1.6\;C:\Users\x173479\AppData\Local\Programs\Python\Python36-32\Scripts\;C:\Users\x173479\AppData\Local\Programs\Python\Python36-32\;C:\WINDOWS\system32\WindowsPowerShell\v1.0\;C:\Program Files (x86)\Intel\iCLS Client\;C:\Program Files\Intel\iCLS Client\;C:\Oracle\product\11.2.0\client_1\bin;C:\WINDOWS\system32;C:\WINDOWS;C:\WINDOWS\System32\Wbem;C:\Program Files\Intel\Intel(R) Management Engine Components\DAL;C:\Program Files\Intel\Intel(R) Management Engine Components\IPT;C:\Program Files (x86)\Intel\Intel(R) Management Engine Components\DAL;C:\Program Files (x86)\Intel\Intel(R) Management Engine Components\IPT;C:\WINDOWS\System32\WindowsPowerShell\v1.0\;C:\WINDOWS\System32\WindowsPowerShell\v1.0\;C:\Program Files (x86)\Borland\StarTeam SDK 10.0\Lib;C:\Program Files (x86)\Borland\StarTeam SDK 10.0\Bin;C:\Program Files (x86)\Borland\CaliberRM SDK 2008\lib;C:\Program Files\Java\jdk1.7.0_79\bin;C:\axis2-1.6.2-bin\axis2-1.6.2\bin;C:\Python27;C:\Users\x173479\AppData\Local\atom\bin;;C:\Users\x173479\Desktop;;."/>
    <property name="java.specification.name" value="Java Platform API Specification"/>
    <property name="java.class.version" value="52.0"/>
    <property name="sun.management.compiler" value="HotSpot 64-Bit Tiered Compilers"/>
    <property name="os.version" value="6.1"/>
    <property name="user.home" value="C:\Users\x173479"/>
    <property name="user.timezone" value="Asia/Calcutta"/>
    <property name="java.awt.printerjob" value="sun.awt.windows.WPrinterJob"/>
    <property name="java.specification.version" value="1.8"/>
    <property name="file.encoding" value="Cp1252"/>
    <property name="user.name" value="x173479"/>
    <property name="java.class.path" value="C:\Users\x173479\.p2\pool\plugins\org.eclipse.m2e.maven.runtime_1.8.3.20180227-2135\jars\plexus-classworlds-2.5.2.jar"/>
    <property name="java.vm.specification.version" value="1.8"/>
    <property name="sun.arch.data.model" value="64"/>
    <property name="java.home" value="C:\Program Files\Java8"/>
    <property name="sun.java.command" value="org.codehaus.plexus.classworlds.launcher.Launcher -B test"/>
    <property name="java.specification.vendor" value="Oracle Corporation"/>
    <property name="user.language" value="en"/>
    <property name="awt.toolkit" value="sun.awt.windows.WToolkit"/>
    <property name="java.vm.info" value="mixed mode"/>
    <property name="java.version" value="1.8.0_131"/>
    <property name="java.ext.dirs" value="C:\Program Files\Java8\lib\ext;C:\WINDOWS\Sun\Java\lib\ext"/>
    <property name="sun.boot.class.path" value="C:\Program Files\Java8\lib\resources.jar;C:\Program Files\Java8\lib\rt.jar;C:\Program Files\Java8\lib\jsse.jar;C:\Program Files\Java8\lib\jce.jar;C:\Program Files\Java8\lib\charsets.jar;C:\Program Files\Java8\lib\jfr.jar;C:\Program Files\Java\jdk1.8.0_131\lib\tools.jar"/>
    <property name="java.vendor" value="Oracle Corporation"/>
    <property name="maven.home" value="C:\Users\x173479\Desktop\My stuff\Selenium\Final\Code\CucumberAuto\EMBEDDED"/>
    <property name="file.separator" value="\"/>
    <property name="java.vendor.url.bug" value="http://bugreport.sun.com/bugreport/"/>
    <property name="sun.cpu.endian" value="little"/>
    <property name="sun.io.unicode.encoding" value="UnicodeLittle"/>
    <property name="sun.desktop" value="windows"/>
    <property name="sun.cpu.isalist" value="amd64"/>
  </properties>
  <testcase classname="| pratik | pass1 |" name="Given The user is on Stackoverflow homepage" time="0"/>
  <testcase classname="| pratik | pass1 |" name="When User click on login home page buttong" time="0"/>
  <testcase classname="| pratik | pass1 |" name="And User enters correct &quot;pratik&quot; and &quot;pass1&quot;" time="0"/>
  <testcase classname="| pratik | pass1 |" name="And User clicks on login Button" time="0"/>
  <testcase classname="| pratik | pass1 |" name="Then User is successfully directed to the homepage" time="0"/>
  <testcase classname="| pratik | pass1 |" name="| pratik | pass1 |" time="0.003"/>
  <testcase classname="| thorve | pass2 |" name="Given The user is on Stackoverflow homepage" time="0"/>
  <testcase classname="| thorve | pass2 |" name="When User click on login home page buttong" time="0"/>
  <testcase classname="| thorve | pass2 |" name="And User enters correct &quot;thorve&quot; and &quot;pass2&quot;" time="0"/>
  <testcase classname="| thorve | pass2 |" name="And User clicks on login Button" time="0"/>
  <testcase classname="| thorve | pass2 |" name="Then User is successfully directed to the homepage" time="0"/>
  <testcase classname="| thorve | pass2 |" name="| thorve | pass2 |" time="0.019"/>
  <testcase classname="Scenario: Validate Stackoverflow login with correct credentials from datatable.feature1" name="Given The user is on Stackoverflow homepage" time="0.003"/>
  <testcase classname="Scenario: Validate Stackoverflow login with correct credentials from datatable.feature1" name="When User click on login home page buttong" time="0"/>
  <testcase classname="Scenario: Validate Stackoverflow login with correct credentials from datatable.feature1" name="And User enters following username and password" time="0"/>
  <testcase classname="Scenario: Validate Stackoverflow login with correct credentials from datatable.feature1" name="And User clicks on login Button" time="0"/>
  <testcase classname="Scenario: Validate Stackoverflow login with correct credentials from datatable.feature1" name="Then User is successfully directed to the homepage" time="0"/>
  <testcase classname="Scenario: Validate Stackoverflow login with correct credentials from datatable.feature1" name="Scenario: Validate Stackoverflow login with correct credentials from datatable.feature1" time="0.007"/>
  <testcase classname="Scenario: Validate Stackoverflow login with correct credentials from feature1.feature1" name="Given The user is on Stackoverflow homepage" time="0.001"/>
  <testcase classname="Scenario: Validate Stackoverflow login with correct credentials from feature1.feature1" name="When User click on login home page buttong" time="0.005"/>
  <testcase classname="Scenario: Validate Stackoverflow login with correct credentials from feature1.feature1" name="And User enters correct username and password" time="0.001"/>
  <testcase classname="Scenario: Validate Stackoverflow login with correct credentials from feature1.feature1" name="And User clicks on login Button" time="0"/>
  <testcase classname="Scenario: Validate Stackoverflow login with correct credentials from feature1.feature1" name="Then User is successfully directed to the homepage" time="0.001"/>
  <testcase classname="Scenario: Validate Stackoverflow login with correct credentials from feature1.feature1" name="Scenario: Validate Stackoverflow login with correct credentials from feature1.feature1" time="0.001"/>
  <testcase classname="Scenario: Validate Stackoverflow login with incorrect credentials from feature1.feature2" name="Given The user is on Stackoverflow homepage" time="0.001"/>
  <testcase classname="Scenario: Validate Stackoverflow login with incorrect credentials from feature1.feature2" name="When User click on login home page buttong" time="0.001"/>
  <testcase classname="Scenario: Validate Stackoverflow login with incorrect credentials from feature1.feature2" name="And User enters incorrect username and password" time="0.001"/>
  <testcase classname="Scenario: Validate Stackoverflow login with incorrect credentials from feature1.feature2" name="And User clicks on login Button" time="0"/>
  <testcase classname="Scenario: Validate Stackoverflow login with incorrect credentials from feature1.feature2" name="Then User is displayed with error on login page" time="0.008"/>
  <testcase classname="Scenario: Validate Stackoverflow login with incorrect credentials from feature1.feature2" name="Scenario: Validate Stackoverflow login with incorrect credentials from feature1.feature2" time="0.011"/>
  <testcase classname="Given The user is on Stackoverflow homepage(Scenario: Validate Stackoverflow login with correct credentials (Paramaterzied TC) from featureParameterized.feature1)" name="Given The user is on Stackoverflow homepage(Scenario: Validate Stackoverflow login with correct credentials " time="0.001"/>
  <testcase classname="When User click on login home page buttong(Scenario: Validate Stackoverflow login with correct credentials (Paramaterzied TC) from featureParameterized.feature1)" name="When User click on login home page buttong(Scenario: Validate Stackoverflow login with correct credentials " time="0"/>
  <testcase classname="And User enters username &quot;pratikthorve90@gmail.com&quot; and password &quot;99609960asd&quot;(Scenario: Validate Stackoverflow login with correct credentials (Paramaterzied TC) from featureParameterized.feature1)" name="And User enters username &quot;pratikthorve90@gmail.com&quot; and password &quot;99609960asd&quot;(Scenario: Validate Stackoverflow login with correct credentials " time="0"/>
  <testcase classname="And User clicks on login Button(Scenario: Validate Stackoverflow login with correct credentials (Paramaterzied TC) from featureParameterized.feature1)" name="And User clicks on login Button(Scenario: Validate Stackoverflow login with correct credentials " time="0"/>
  <testcase classname="Then User is successfully directed to the homepage(Scenario: Validate Stackoverflow login with correct credentials (Paramaterzied TC) from featureParameterized.feature1)" name="Then User is successfully directed to the homepage(Scenario: Validate Stackoverflow login with correct credentials " time="0.002"/>
  <testcase classname="Scenario: Validate Stackoverflow login with correct credentials (Paramaterzied TC) from featureParameterized.feature1" name="Scenario: Validate Stackoverflow login with correct credentials " time="0.008"/>
  <testcase classname="Given The user is on Stackoverflow homepage(Scenario: Validate Stackoverflow login with incorrect credentials  (Paramaterzied TC) from featureParameterized.feature2)" name="Given The user is on Stackoverflow homepage(Scenario: Validate Stackoverflow login with incorrect credentials  " time="0"/>
  <testcase classname="When User click on login home page buttong(Scenario: Validate Stackoverflow login with incorrect credentials  (Paramaterzied TC) from featureParameterized.feature2)" name="When User click on login home page buttong(Scenario: Validate Stackoverflow login with incorrect credentials  " time="0.003"/>
  <testcase classname="And User enters username &quot;pratik@gmail.com&quot; and password &quot;qwe&quot;(Scenario: Validate Stackoverflow login with incorrect credentials  (Paramaterzied TC) from featureParameterized.feature2)" name="And User enters username &quot;pratik@gmail.com&quot; and password &quot;qwe&quot;(Scenario: Validate Stackoverflow login with incorrect credentials  " time="0.001"/>
  <testcase classname="And User clicks on login Button(Scenario: Validate Stackoverflow login with incorrect credentials  (Paramaterzied TC) from featureParameterized.feature2)" name="And User clicks on login Button(Scenario: Validate Stackoverflow login with incorrect credentials  " time="0.018"/>
  <testcase classname="Then User is displayed with error on login page(Scenario: Validate Stackoverflow login with incorrect credentials  (Paramaterzied TC) from featureParameterized.feature2)" name="Then User is displayed with error on login page(Scenario: Validate Stackoverflow login with incorrect credentials  " time="0.001"/>
  <testcase classname="Scenario: Validate Stackoverflow login with incorrect credentials  (Paramaterzied TC) from featureParameterized.feature2" name="Scenario: Validate Stackoverflow login with incorrect credentials  " time="0.002"/>
  <testcase classname="Scenario: Validate Stackoverflow login with correct credentials from hooks.feature1" name="When User click on login home page buttong" time="0"/>
  <testcase classname="Scenario: Validate Stackoverflow login with correct credentials from hooks.feature1" name="And User enters correct username and password" time="0"/>
  <testcase classname="Scenario: Validate Stackoverflow login with correct credentials from hooks.feature1" name="And User clicks on login Button" time="0.001"/>
  <testcase classname="Scenario: Validate Stackoverflow login with correct credentials from hooks.feature1" name="Then User is successfully directed to the homepage" time="0"/>
  <testcase classname="Scenario: Validate Stackoverflow login with correct credentials from hooks.feature1" name="Scenario: Validate Stackoverflow login with correct credentials from hooks.feature1" time="0"/>
  <testcase classname="Scenario: Validate Stackoverflow login with incorrect credentials from hooks.feature2" name="When User click on login home page buttong" time="0"/>
  <testcase classname="Scenario: Validate Stackoverflow login with incorrect credentials from hooks.feature2" name="And User enters incorrect username and password" time="0"/>
  <testcase classname="Scenario: Validate Stackoverflow login with incorrect credentials from hooks.feature2" name="And User clicks on login Button" time="0"/>
  <testcase classname="Scenario: Validate Stackoverflow login with incorrect credentials from hooks.feature2" name="Then User is displayed with error on login page" time="0"/>
  <testcase classname="Scenario: Validate Stackoverflow login with incorrect credentials from hooks.feature2" name="Scenario: Validate Stackoverflow login with incorrect credentials from hooks.feature2" time="0.008"/>
  <testcase classname="Scenario: Validate Stackoverflow login with correct credentials from tags.feature1" name="Given The user is on Stackoverflow homepage" time="0.002"/>
  <testcase classname="Scenario: Validate Stackoverflow login with correct credentials from tags.feature1" name="When User click on login home page buttong" time="0"/>
  <testcase classname="Scenario: Validate Stackoverflow login with correct credentials from tags.feature1" name="And User enters correct username and password" time="0.001"/>
  <testcase classname="Scenario: Validate Stackoverflow login with correct credentials from tags.feature1" name="And User clicks on login Button" time="0"/>
  <testcase classname="Scenario: Validate Stackoverflow login with correct credentials from tags.feature1" name="Then User is successfully directed to the homepage" time="0"/>
  <testcase classname="Scenario: Validate Stackoverflow login with correct credentials from tags.feature1" name="Scenario: Validate Stackoverflow login with correct credentials from tags.feature1" time="0.003"/>
  <testcase classname="Scenario: Validate Stackoverflow login with incorrect credentials from tags.feature2" name="Given The user is on Stackoverflow homepage" time="0"/>
  <testcase classname="Scenario: Validate Stackoverflow login with incorrect credentials from tags.feature2" name="When User click on login home page buttong" time="0"/>
  <testcase classname="Scenario: Validate Stackoverflow login with incorrect credentials from tags.feature2" name="And User enters incorrect username and password" time="0"/>
  <testcase classname="Scenario: Validate Stackoverflow login with incorrect credentials from tags.feature2" name="And User clicks on login Button" time="0"/>
  <testcase classname="Scenario: Validate Stackoverflow login with incorrect credentials from tags.feature2" name="Then User is displayed with error on login page" time="0"/>
  <testcase classname="Scenario: Validate Stackoverflow login with incorrect credentials from tags.feature2" name="Scenario: Validate Stackoverflow login with incorrect credentials from tags.feature2" time="0.007"/>
  <testcase classname="Scenario: Validate Stackoverflow login with incorrect credentials both smoke and regression" name="Given The user is on Stackoverflow homepage" time="0"/>
  <testcase classname="Scenario: Validate Stackoverflow login with incorrect credentials both smoke and regression" name="When User click on login home page buttong" time="0"/>
  <testcase classname="Scenario: Validate Stackoverflow login with incorrect credentials both smoke and regression" name="And User enters incorrect username and password" time="0"/>
  <testcase classname="Scenario: Validate Stackoverflow login with incorrect credentials both smoke and regression" name="And User clicks on login Button" time="0.001"/>
  <testcase classname="Scenario: Validate Stackoverflow login with incorrect credentials both smoke and regression" name="Then User is displayed with error on login page" time="0.001"/>
  <testcase classname="Scenario: Validate Stackoverflow login with incorrect credentials both smoke and regression" name="Scenario: Validate Stackoverflow login with incorrect credentials both smoke and regression" time="0.008"/>
</testsuite>